2025-02-03 11:27:06 [error]: Error creating challenge category
2025-02-03 11:43:12 [error]: Error creating challenge category
2025-02-03 11:49:18 [info]: Challenge category created successfully
2025-02-03 12:07:40 [info]: Retrieved all challenge categories
2025-02-03 12:23:45 [info]: Retrieved all challenge categories
2025-02-03 12:24:20 [info]: Challenge category created successfully
2025-02-03 12:30:16 [info]: Challenge category updated successfully
2025-02-03 12:30:29 [info]: Retrieved all challenge categories
2025-02-03 12:30:51 [info]: Retrieved challenge category by ID
2025-02-03 12:31:20 [info]: Challenge category deleted successfully
2025-02-03 12:31:29 [info]: Retrieved all challenge categories
2025-02-03 12:31:39 [info]: Challenge category created successfully
2025-02-03 12:42:30 [error]: Error creating challenge category
2025-02-03 12:42:30 [error]: Error creating challenge category
2025-02-03 12:43:13 [error]: Error creating challenge category
2025-02-03 12:43:13 [error]: Error creating challenge category
2025-02-03 12:44:26 [error]: Error creating challenge category
2025-02-03 12:44:26 [error]: Error creating challenge category
2025-02-03 12:45:16 [info]: Challenge category created successfully
2025-02-03 12:46:06 [warn]: Validation error in createChallenge
2025-02-03 12:46:16 [warn]: Validation error in createChallenge
2025-02-03 12:47:39 [info]: Creating a new challenge
2025-02-03 12:47:44 [error]: Create challenge error
2025-02-03 12:53:50 [info]: Creating a new challenge
2025-02-03 12:53:50 [error]: Create challenge error
2025-02-03 12:55:58 [info]: Received categoryId:
2025-02-03 12:56:01 [info]: Creating a new challenge
2025-02-03 12:56:02 [error]: Create challenge error
2025-02-03 13:05:04 [info]: Creating a new challenge
2025-02-03 13:05:07 [error]: Create challenge error
2025-02-03 13:14:06 [info]: Creating a new challenge
2025-02-03 13:14:11 [error]: Create challenge error
2025-02-03 13:20:47 [info]: Creating a new challenge
2025-02-03 13:20:50 [error]: Create challenge error
2025-02-03 13:21:03 [warn]: Validation error in createChallenge
2025-02-03 13:21:14 [info]: Creating a new challenge
2025-02-03 13:21:14 [error]: Create challenge error
2025-02-03 13:34:50 [info]: Creating a new challenge
2025-02-03 13:34:52 [error]: Create challenge error
2025-02-03 13:58:38 [info]: Creating a new challenge
2025-02-03 13:58:41 [error]: Create challenge error
2025-02-03 14:00:03 [warn]: Validation error in createChallenge
2025-02-03 14:00:15 [info]: Creating a new challenge
2025-02-03 14:00:18 [error]: Create challenge error
2025-02-03 14:01:51 [info]: Creating a new challenge
2025-02-03 14:01:53 [error]: Create challenge error
2025-02-03 14:18:16 [info]: Creating a new challenge
2025-02-03 14:18:19 [error]: Create challenge error
2025-02-03 14:35:21 [error]: Create challenge error
2025-02-03 14:40:22 [info]: Creating a new challenge
2025-02-03 14:40:24 [error]: Create challenge error
2025-02-03 14:41:47 [info]: Creating a new challenge
2025-02-03 14:41:49 [error]: Create challenge error
2025-02-03 14:47:21 [info]: Creating a new challenge
2025-02-03 14:47:24 [error]: Create challenge error
2025-02-03 14:49:06 [info]: Creating a new challenge
2025-02-03 14:49:08 [info]: Challenge created successfully
2025-02-03 15:07:52 [error]: Get all challenges error
2025-02-03 19:43:49 [info]: Creating a new challenge
2025-02-03 19:43:51 [error]: Create challenge error
2025-02-03 19:44:59 [info]: Creating a new challenge
2025-02-03 19:45:02 [error]: Create challenge error
2025-02-03 19:45:26 [info]: Challenge category created successfully
2025-02-03 19:45:39 [info]: Creating a new challenge
2025-02-03 19:45:40 [info]: Challenge created successfully
2025-02-03 19:46:35 [info]: Retrieved all challenges
2025-02-03 20:03:51 [info]: Retrieved single challenge
2025-02-03 20:04:36 [error]: Get single challenge error
2025-02-03 20:13:24 [info]: Updating challenge
2025-02-03 20:13:25 [info]: Challenge updated successfully
2025-02-03 20:15:34 [info]: Challenge category created successfully
2025-02-03 20:17:28 [info]: Updating challenge
2025-02-03 20:17:29 [info]: Challenge updated successfully
2025-02-03 20:20:12 [info]: Updating challenge
2025-02-03 20:20:13 [info]: Challenge updated successfully
2025-02-03 20:33:01 [error]: Get single challenge error
